
> wacrm-worker@1.0.0 start
> tsx src/worker.ts

Starting Worker with Supabase...
[Worker] Setting up polling for pending messages (every 3 seconds)...
[Worker] Setting up polling for new sessions (every 5 seconds)...
[Worker] Querying existing sessions from whatsapp_sessions table...
[Worker] ✅ Found 1 existing sessions: [ { id: '383f9639-1547-4dda-b17d-4ebf188bd86b' } ]
[Worker] Starting session from DB: 383f9639-1547-4dda-b17d-4ebf188bd86b
Starting session 383f9639-1547-4dda-b17d-4ebf188bd86b
QR RECEIVED for session 383f9639-1547-4dda-b17d-4ebf188bd86b len 237
✅ QR Code for session 383f9639-1547-4dda-b17d-4ebf188bd86b successfully updated in Supabase (len: 237)
QR RECEIVED for session 383f9639-1547-4dda-b17d-4ebf188bd86b len 237
✅ QR Code for session 383f9639-1547-4dda-b17d-4ebf188bd86b successfully updated in Supabase (len: 237)
QR RECEIVED for session 383f9639-1547-4dda-b17d-4ebf188bd86b len 237
✅ QR Code for session 383f9639-1547-4dda-b17d-4ebf188bd86b successfully updated in Supabase (len: 237)
QR RECEIVED for session 383f9639-1547-4dda-b17d-4ebf188bd86b len 237
✅ QR Code for session 383f9639-1547-4dda-b17d-4ebf188bd86b successfully updated in Supabase (len: 237)
QR RECEIVED for session 383f9639-1547-4dda-b17d-4ebf188bd86b len 237
✅ QR Code for session 383f9639-1547-4dda-b17d-4ebf188bd86b successfully updated in Supabase (len: 237)
QR RECEIVED for session 383f9639-1547-4dda-b17d-4ebf188bd86b len 237
✅ QR Code for session 383f9639-1547-4dda-b17d-4ebf188bd86b successfully updated in Supabase (len: 237)
Connection closed for 383f9639-1547-4dda-b17d-4ebf188bd86b. Logged out: false
Connection error for 383f9639-1547-4dda-b17d-4ebf188bd86b, reconnecting...
Starting session 383f9639-1547-4dda-b17d-4ebf188bd86b
QR RECEIVED for session 383f9639-1547-4dda-b17d-4ebf188bd86b len 237
✅ QR Code for session 383f9639-1547-4dda-b17d-4ebf188bd86b successfully updated in Supabase (len: 237)
QR RECEIVED for session 383f9639-1547-4dda-b17d-4ebf188bd86b len 237
✅ QR Code for session 383f9639-1547-4dda-b17d-4ebf188bd86b successfully updated in Supabase (len: 237)
QR RECEIVED for session 383f9639-1547-4dda-b17d-4ebf188bd86b len 237
✅ QR Code for session 383f9639-1547-4dda-b17d-4ebf188bd86b successfully updated in Supabase (len: 237)
QR RECEIVED for session 383f9639-1547-4dda-b17d-4ebf188bd86b len 237
✅ QR Code for session 383f9639-1547-4dda-b17d-4ebf188bd86b successfully updated in Supabase (len: 237)
QR RECEIVED for session 383f9639-1547-4dda-b17d-4ebf188bd86b len 237
✅ QR Code for session 383f9639-1547-4dda-b17d-4ebf188bd86b successfully updated in Supabase (len: 237)
QR RECEIVED for session 383f9639-1547-4dda-b17d-4ebf188bd86b len 237
✅ QR Code for session 383f9639-1547-4dda-b17d-4ebf188bd86b successfully updated in Supabase (len: 237)
Connection closed for 383f9639-1547-4dda-b17d-4ebf188bd86b. Logged out: false
Connection error for 383f9639-1547-4dda-b17d-4ebf188bd86b, reconnecting...
Starting session 383f9639-1547-4dda-b17d-4ebf188bd86b
QR RECEIVED for session 383f9639-1547-4dda-b17d-4ebf188bd86b len 237
✅ QR Code for session 383f9639-1547-4dda-b17d-4ebf188bd86b successfully updated in Supabase (len: 237)
QR RECEIVED for session 383f9639-1547-4dda-b17d-4ebf188bd86b len 237
✅ QR Code for session 383f9639-1547-4dda-b17d-4ebf188bd86b successfully updated in Supabase (len: 237)
QR RECEIVED for session 383f9639-1547-4dda-b17d-4ebf188bd86b len 237
✅ QR Code for session 383f9639-1547-4dda-b17d-4ebf188bd86b successfully updated in Supabase (len: 237)
QR RECEIVED for session 383f9639-1547-4dda-b17d-4ebf188bd86b len 237
✅ QR Code for session 383f9639-1547-4dda-b17d-4ebf188bd86b successfully updated in Supabase (len: 237)
QR RECEIVED for session 383f9639-1547-4dda-b17d-4ebf188bd86b len 237
✅ QR Code for session 383f9639-1547-4dda-b17d-4ebf188bd86b successfully updated in Supabase (len: 237)
QR RECEIVED for session 383f9639-1547-4dda-b17d-4ebf188bd86b len 237
✅ QR Code for session 383f9639-1547-4dda-b17d-4ebf188bd86b successfully updated in Supabase (len: 237)
Connection closed for 383f9639-1547-4dda-b17d-4ebf188bd86b. Logged out: false
Connection error for 383f9639-1547-4dda-b17d-4ebf188bd86b, reconnecting...
Starting session 383f9639-1547-4dda-b17d-4ebf188bd86b
QR RECEIVED for session 383f9639-1547-4dda-b17d-4ebf188bd86b len 237
✅ QR Code for session 383f9639-1547-4dda-b17d-4ebf188bd86b successfully updated in Supabase (len: 237)
QR RECEIVED for session 383f9639-1547-4dda-b17d-4ebf188bd86b len 237
✅ QR Code for session 383f9639-1547-4dda-b17d-4ebf188bd86b successfully updated in Supabase (len: 237)
QR RECEIVED for session 383f9639-1547-4dda-b17d-4ebf188bd86b len 237
✅ QR Code for session 383f9639-1547-4dda-b17d-4ebf188bd86b successfully updated in Supabase (len: 237)
QR RECEIVED for session 383f9639-1547-4dda-b17d-4ebf188bd86b len 237
✅ QR Code for session 383f9639-1547-4dda-b17d-4ebf188bd86b successfully updated in Supabase (len: 237)
QR RECEIVED for session 383f9639-1547-4dda-b17d-4ebf188bd86b len 237
✅ QR Code for session 383f9639-1547-4dda-b17d-4ebf188bd86b successfully updated in Supabase (len: 237)
QR RECEIVED for session 383f9639-1547-4dda-b17d-4ebf188bd86b len 237
✅ QR Code for session 383f9639-1547-4dda-b17d-4ebf188bd86b successfully updated in Supabase (len: 237)
Connection closed for 383f9639-1547-4dda-b17d-4ebf188bd86b. Logged out: false
Connection error for 383f9639-1547-4dda-b17d-4ebf188bd86b, reconnecting...
Starting session 383f9639-1547-4dda-b17d-4ebf188bd86b
QR RECEIVED for session 383f9639-1547-4dda-b17d-4ebf188bd86b len 237
✅ QR Code for session 383f9639-1547-4dda-b17d-4ebf188bd86b successfully updated in Supabase (len: 237)
QR RECEIVED for session 383f9639-1547-4dda-b17d-4ebf188bd86b len 237
✅ QR Code for session 383f9639-1547-4dda-b17d-4ebf188bd86b successfully updated in Supabase (len: 237)
QR RECEIVED for session 383f9639-1547-4dda-b17d-4ebf188bd86b len 237
✅ QR Code for session 383f9639-1547-4dda-b17d-4ebf188bd86b successfully updated in Supabase (len: 237)
QR RECEIVED for session 383f9639-1547-4dda-b17d-4ebf188bd86b len 237
✅ QR Code for session 383f9639-1547-4dda-b17d-4ebf188bd86b successfully updated in Supabase (len: 237)
QR RECEIVED for session 383f9639-1547-4dda-b17d-4ebf188bd86b len 237
✅ QR Code for session 383f9639-1547-4dda-b17d-4ebf188bd86b successfully updated in Supabase (len: 237)
QR RECEIVED for session 383f9639-1547-4dda-b17d-4ebf188bd86b len 237
✅ QR Code for session 383f9639-1547-4dda-b17d-4ebf188bd86b successfully updated in Supabase (len: 237)
Connection closed for 383f9639-1547-4dda-b17d-4ebf188bd86b. Logged out: false
Connection error for 383f9639-1547-4dda-b17d-4ebf188bd86b, reconnecting...
Starting session 383f9639-1547-4dda-b17d-4ebf188bd86b
QR RECEIVED for session 383f9639-1547-4dda-b17d-4ebf188bd86b len 237
✅ QR Code for session 383f9639-1547-4dda-b17d-4ebf188bd86b successfully updated in Supabase (len: 237)
QR RECEIVED for session 383f9639-1547-4dda-b17d-4ebf188bd86b len 237
✅ QR Code for session 383f9639-1547-4dda-b17d-4ebf188bd86b successfully updated in Supabase (len: 237)
QR RECEIVED for session 383f9639-1547-4dda-b17d-4ebf188bd86b len 237
✅ QR Code for session 383f9639-1547-4dda-b17d-4ebf188bd86b successfully updated in Supabase (len: 237)
QR RECEIVED for session 383f9639-1547-4dda-b17d-4ebf188bd86b len 237
✅ QR Code for session 383f9639-1547-4dda-b17d-4ebf188bd86b successfully updated in Supabase (len: 237)
QR RECEIVED for session 383f9639-1547-4dda-b17d-4ebf188bd86b len 237
✅ QR Code for session 383f9639-1547-4dda-b17d-4ebf188bd86b successfully updated in Supabase (len: 237)
QR RECEIVED for session 383f9639-1547-4dda-b17d-4ebf188bd86b len 237
✅ QR Code for session 383f9639-1547-4dda-b17d-4ebf188bd86b successfully updated in Supabase (len: 237)
Connection closed for 383f9639-1547-4dda-b17d-4ebf188bd86b. Logged out: false
Connection error for 383f9639-1547-4dda-b17d-4ebf188bd86b, reconnecting...
Starting session 383f9639-1547-4dda-b17d-4ebf188bd86b
QR RECEIVED for session 383f9639-1547-4dda-b17d-4ebf188bd86b len 237
✅ QR Code for session 383f9639-1547-4dda-b17d-4ebf188bd86b successfully updated in Supabase (len: 237)
QR RECEIVED for session 383f9639-1547-4dda-b17d-4ebf188bd86b len 237
✅ QR Code for session 383f9639-1547-4dda-b17d-4ebf188bd86b successfully updated in Supabase (len: 237)
QR RECEIVED for session 383f9639-1547-4dda-b17d-4ebf188bd86b len 237
✅ QR Code for session 383f9639-1547-4dda-b17d-4ebf188bd86b successfully updated in Supabase (len: 237)
QR RECEIVED for session 383f9639-1547-4dda-b17d-4ebf188bd86b len 237
✅ QR Code for session 383f9639-1547-4dda-b17d-4ebf188bd86b successfully updated in Supabase (len: 237)
QR RECEIVED for session 383f9639-1547-4dda-b17d-4ebf188bd86b len 237
✅ QR Code for session 383f9639-1547-4dda-b17d-4ebf188bd86b successfully updated in Supabase (len: 237)
QR RECEIVED for session 383f9639-1547-4dda-b17d-4ebf188bd86b len 237
✅ QR Code for session 383f9639-1547-4dda-b17d-4ebf188bd86b successfully updated in Supabase (len: 237)
Connection closed for 383f9639-1547-4dda-b17d-4ebf188bd86b. Logged out: false
Connection error for 383f9639-1547-4dda-b17d-4ebf188bd86b, reconnecting...
Starting session 383f9639-1547-4dda-b17d-4ebf188bd86b
QR RECEIVED for session 383f9639-1547-4dda-b17d-4ebf188bd86b len 237
✅ QR Code for session 383f9639-1547-4dda-b17d-4ebf188bd86b successfully updated in Supabase (len: 237)
QR RECEIVED for session 383f9639-1547-4dda-b17d-4ebf188bd86b len 237
✅ QR Code for session 383f9639-1547-4dda-b17d-4ebf188bd86b successfully updated in Supabase (len: 237)
QR RECEIVED for session 383f9639-1547-4dda-b17d-4ebf188bd86b len 237
✅ QR Code for session 383f9639-1547-4dda-b17d-4ebf188bd86b successfully updated in Supabase (len: 237)
QR RECEIVED for session 383f9639-1547-4dda-b17d-4ebf188bd86b len 237
✅ QR Code for session 383f9639-1547-4dda-b17d-4ebf188bd86b successfully updated in Supabase (len: 237)
QR RECEIVED for session 383f9639-1547-4dda-b17d-4ebf188bd86b len 237
✅ QR Code for session 383f9639-1547-4dda-b17d-4ebf188bd86b successfully updated in Supabase (len: 237)
QR RECEIVED for session 383f9639-1547-4dda-b17d-4ebf188bd86b len 237
✅ QR Code for session 383f9639-1547-4dda-b17d-4ebf188bd86b successfully updated in Supabase (len: 237)
Connection closed for 383f9639-1547-4dda-b17d-4ebf188bd86b. Logged out: false
Connection error for 383f9639-1547-4dda-b17d-4ebf188bd86b, reconnecting...
Starting session 383f9639-1547-4dda-b17d-4ebf188bd86b
QR RECEIVED for session 383f9639-1547-4dda-b17d-4ebf188bd86b len 237
✅ QR Code for session 383f9639-1547-4dda-b17d-4ebf188bd86b successfully updated in Supabase (len: 237)
QR RECEIVED for session 383f9639-1547-4dda-b17d-4ebf188bd86b len 237
✅ QR Code for session 383f9639-1547-4dda-b17d-4ebf188bd86b successfully updated in Supabase (len: 237)
QR RECEIVED for session 383f9639-1547-4dda-b17d-4ebf188bd86b len 237
✅ QR Code for session 383f9639-1547-4dda-b17d-4ebf188bd86b successfully updated in Supabase (len: 237)
QR RECEIVED for session 383f9639-1547-4dda-b17d-4ebf188bd86b len 237
✅ QR Code for session 383f9639-1547-4dda-b17d-4ebf188bd86b successfully updated in Supabase (len: 237)
QR RECEIVED for session 383f9639-1547-4dda-b17d-4ebf188bd86b len 237
✅ QR Code for session 383f9639-1547-4dda-b17d-4ebf188bd86b successfully updated in Supabase (len: 237)
QR RECEIVED for session 383f9639-1547-4dda-b17d-4ebf188bd86b len 237
✅ QR Code for session 383f9639-1547-4dda-b17d-4ebf188bd86b successfully updated in Supabase (len: 237)
Connection closed for 383f9639-1547-4dda-b17d-4ebf188bd86b. Logged out: false
Connection error for 383f9639-1547-4dda-b17d-4ebf188bd86b, reconnecting...
Starting session 383f9639-1547-4dda-b17d-4ebf188bd86b
QR RECEIVED for session 383f9639-1547-4dda-b17d-4ebf188bd86b len 237
✅ QR Code for session 383f9639-1547-4dda-b17d-4ebf188bd86b successfully updated in Supabase (len: 237)
QR RECEIVED for session 383f9639-1547-4dda-b17d-4ebf188bd86b len 237
✅ QR Code for session 383f9639-1547-4dda-b17d-4ebf188bd86b successfully updated in Supabase (len: 237)
QR RECEIVED for session 383f9639-1547-4dda-b17d-4ebf188bd86b len 237
✅ QR Code for session 383f9639-1547-4dda-b17d-4ebf188bd86b successfully updated in Supabase (len: 237)
QR RECEIVED for session 383f9639-1547-4dda-b17d-4ebf188bd86b len 237
✅ QR Code for session 383f9639-1547-4dda-b17d-4ebf188bd86b successfully updated in Supabase (len: 237)
QR RECEIVED for session 383f9639-1547-4dda-b17d-4ebf188bd86b len 237
✅ QR Code for session 383f9639-1547-4dda-b17d-4ebf188bd86b successfully updated in Supabase (len: 237)
QR RECEIVED for session 383f9639-1547-4dda-b17d-4ebf188bd86b len 237
✅ QR Code for session 383f9639-1547-4dda-b17d-4ebf188bd86b successfully updated in Supabase (len: 237)
Connection closed for 383f9639-1547-4dda-b17d-4ebf188bd86b. Logged out: false
Connection error for 383f9639-1547-4dda-b17d-4ebf188bd86b, reconnecting...
Starting session 383f9639-1547-4dda-b17d-4ebf188bd86b
QR RECEIVED for session 383f9639-1547-4dda-b17d-4ebf188bd86b len 237
✅ QR Code for session 383f9639-1547-4dda-b17d-4ebf188bd86b successfully updated in Supabase (len: 237)
QR RECEIVED for session 383f9639-1547-4dda-b17d-4ebf188bd86b len 237
✅ QR Code for session 383f9639-1547-4dda-b17d-4ebf188bd86b successfully updated in Supabase (len: 237)
QR RECEIVED for session 383f9639-1547-4dda-b17d-4ebf188bd86b len 237
✅ QR Code for session 383f9639-1547-4dda-b17d-4ebf188bd86b successfully updated in Supabase (len: 237)
QR RECEIVED for session 383f9639-1547-4dda-b17d-4ebf188bd86b len 237
✅ QR Code for session 383f9639-1547-4dda-b17d-4ebf188bd86b successfully updated in Supabase (len: 237)
QR RECEIVED for session 383f9639-1547-4dda-b17d-4ebf188bd86b len 237
✅ QR Code for session 383f9639-1547-4dda-b17d-4ebf188bd86b successfully updated in Supabase (len: 237)
QR RECEIVED for session 383f9639-1547-4dda-b17d-4ebf188bd86b len 237
✅ QR Code for session 383f9639-1547-4dda-b17d-4ebf188bd86b successfully updated in Supabase (len: 237)
Connection closed for 383f9639-1547-4dda-b17d-4ebf188bd86b. Logged out: false
Connection error for 383f9639-1547-4dda-b17d-4ebf188bd86b, reconnecting...
Starting session 383f9639-1547-4dda-b17d-4ebf188bd86b
QR RECEIVED for session 383f9639-1547-4dda-b17d-4ebf188bd86b len 237
✅ QR Code for session 383f9639-1547-4dda-b17d-4ebf188bd86b successfully updated in Supabase (len: 237)
QR RECEIVED for session 383f9639-1547-4dda-b17d-4ebf188bd86b len 237
✅ QR Code for session 383f9639-1547-4dda-b17d-4ebf188bd86b successfully updated in Supabase (len: 237)
QR RECEIVED for session 383f9639-1547-4dda-b17d-4ebf188bd86b len 237
✅ QR Code for session 383f9639-1547-4dda-b17d-4ebf188bd86b successfully updated in Supabase (len: 237)
QR RECEIVED for session 383f9639-1547-4dda-b17d-4ebf188bd86b len 237
✅ QR Code for session 383f9639-1547-4dda-b17d-4ebf188bd86b successfully updated in Supabase (len: 237)
QR RECEIVED for session 383f9639-1547-4dda-b17d-4ebf188bd86b len 237
✅ QR Code for session 383f9639-1547-4dda-b17d-4ebf188bd86b successfully updated in Supabase (len: 237)
QR RECEIVED for session 383f9639-1547-4dda-b17d-4ebf188bd86b len 237
✅ QR Code for session 383f9639-1547-4dda-b17d-4ebf188bd86b successfully updated in Supabase (len: 237)
Connection closed for 383f9639-1547-4dda-b17d-4ebf188bd86b. Logged out: false
Connection error for 383f9639-1547-4dda-b17d-4ebf188bd86b, reconnecting...
Starting session 383f9639-1547-4dda-b17d-4ebf188bd86b
QR RECEIVED for session 383f9639-1547-4dda-b17d-4ebf188bd86b len 237
✅ QR Code for session 383f9639-1547-4dda-b17d-4ebf188bd86b successfully updated in Supabase (len: 237)
QR RECEIVED for session 383f9639-1547-4dda-b17d-4ebf188bd86b len 237
✅ QR Code for session 383f9639-1547-4dda-b17d-4ebf188bd86b successfully updated in Supabase (len: 237)
QR RECEIVED for session 383f9639-1547-4dda-b17d-4ebf188bd86b len 237
✅ QR Code for session 383f9639-1547-4dda-b17d-4ebf188bd86b successfully updated in Supabase (len: 237)
QR RECEIVED for session 383f9639-1547-4dda-b17d-4ebf188bd86b len 237
✅ QR Code for session 383f9639-1547-4dda-b17d-4ebf188bd86b successfully updated in Supabase (len: 237)
QR RECEIVED for session 383f9639-1547-4dda-b17d-4ebf188bd86b len 237
✅ QR Code for session 383f9639-1547-4dda-b17d-4ebf188bd86b successfully updated in Supabase (len: 237)
QR RECEIVED for session 383f9639-1547-4dda-b17d-4ebf188bd86b len 237
✅ QR Code for session 383f9639-1547-4dda-b17d-4ebf188bd86b successfully updated in Supabase (len: 237)
Connection closed for 383f9639-1547-4dda-b17d-4ebf188bd86b. Logged out: false
Connection error for 383f9639-1547-4dda-b17d-4ebf188bd86b, reconnecting...
Starting session 383f9639-1547-4dda-b17d-4ebf188bd86b
QR RECEIVED for session 383f9639-1547-4dda-b17d-4ebf188bd86b len 237
✅ QR Code for session 383f9639-1547-4dda-b17d-4ebf188bd86b successfully updated in Supabase (len: 237)
QR RECEIVED for session 383f9639-1547-4dda-b17d-4ebf188bd86b len 237
✅ QR Code for session 383f9639-1547-4dda-b17d-4ebf188bd86b successfully updated in Supabase (len: 237)
QR RECEIVED for session 383f9639-1547-4dda-b17d-4ebf188bd86b len 237
✅ QR Code for session 383f9639-1547-4dda-b17d-4ebf188bd86b successfully updated in Supabase (len: 237)
QR RECEIVED for session 383f9639-1547-4dda-b17d-4ebf188bd86b len 237
✅ QR Code for session 383f9639-1547-4dda-b17d-4ebf188bd86b successfully updated in Supabase (len: 237)
QR RECEIVED for session 383f9639-1547-4dda-b17d-4ebf188bd86b len 237
✅ QR Code for session 383f9639-1547-4dda-b17d-4ebf188bd86b successfully updated in Supabase (len: 237)
QR RECEIVED for session 383f9639-1547-4dda-b17d-4ebf188bd86b len 237
✅ QR Code for session 383f9639-1547-4dda-b17d-4ebf188bd86b successfully updated in Supabase (len: 237)
Connection closed for 383f9639-1547-4dda-b17d-4ebf188bd86b. Logged out: false
Connection error for 383f9639-1547-4dda-b17d-4ebf188bd86b, reconnecting...
Starting session 383f9639-1547-4dda-b17d-4ebf188bd86b
QR RECEIVED for session 383f9639-1547-4dda-b17d-4ebf188bd86b len 237
✅ QR Code for session 383f9639-1547-4dda-b17d-4ebf188bd86b successfully updated in Supabase (len: 237)
QR RECEIVED for session 383f9639-1547-4dda-b17d-4ebf188bd86b len 237
✅ QR Code for session 383f9639-1547-4dda-b17d-4ebf188bd86b successfully updated in Supabase (len: 237)
QR RECEIVED for session 383f9639-1547-4dda-b17d-4ebf188bd86b len 237
✅ QR Code for session 383f9639-1547-4dda-b17d-4ebf188bd86b successfully updated in Supabase (len: 237)
QR RECEIVED for session 383f9639-1547-4dda-b17d-4ebf188bd86b len 237
✅ QR Code for session 383f9639-1547-4dda-b17d-4ebf188bd86b successfully updated in Supabase (len: 237)
QR RECEIVED for session 383f9639-1547-4dda-b17d-4ebf188bd86b len 237
✅ QR Code for session 383f9639-1547-4dda-b17d-4ebf188bd86b successfully updated in Supabase (len: 237)
QR RECEIVED for session 383f9639-1547-4dda-b17d-4ebf188bd86b len 237
✅ QR Code for session 383f9639-1547-4dda-b17d-4ebf188bd86b successfully updated in Supabase (len: 237)
Connection closed for 383f9639-1547-4dda-b17d-4ebf188bd86b. Logged out: false
Connection error for 383f9639-1547-4dda-b17d-4ebf188bd86b, reconnecting...
Starting session 383f9639-1547-4dda-b17d-4ebf188bd86b
QR RECEIVED for session 383f9639-1547-4dda-b17d-4ebf188bd86b len 237
✅ QR Code for session 383f9639-1547-4dda-b17d-4ebf188bd86b successfully updated in Supabase (len: 237)
QR RECEIVED for session 383f9639-1547-4dda-b17d-4ebf188bd86b len 237
✅ QR Code for session 383f9639-1547-4dda-b17d-4ebf188bd86b successfully updated in Supabase (len: 237)
QR RECEIVED for session 383f9639-1547-4dda-b17d-4ebf188bd86b len 237
✅ QR Code for session 383f9639-1547-4dda-b17d-4ebf188bd86b successfully updated in Supabase (len: 237)
QR RECEIVED for session 383f9639-1547-4dda-b17d-4ebf188bd86b len 237
✅ QR Code for session 383f9639-1547-4dda-b17d-4ebf188bd86b successfully updated in Supabase (len: 237)
QR RECEIVED for session 383f9639-1547-4dda-b17d-4ebf188bd86b len 237
✅ QR Code for session 383f9639-1547-4dda-b17d-4ebf188bd86b successfully updated in Supabase (len: 237)
QR RECEIVED for session 383f9639-1547-4dda-b17d-4ebf188bd86b len 237
✅ QR Code for session 383f9639-1547-4dda-b17d-4ebf188bd86b successfully updated in Supabase (len: 237)
Connection closed for 383f9639-1547-4dda-b17d-4ebf188bd86b. Logged out: false
Connection error for 383f9639-1547-4dda-b17d-4ebf188bd86b, reconnecting...
Starting session 383f9639-1547-4dda-b17d-4ebf188bd86b
QR RECEIVED for session 383f9639-1547-4dda-b17d-4ebf188bd86b len 237
✅ QR Code for session 383f9639-1547-4dda-b17d-4ebf188bd86b successfully updated in Supabase (len: 237)
QR RECEIVED for session 383f9639-1547-4dda-b17d-4ebf188bd86b len 237
✅ QR Code for session 383f9639-1547-4dda-b17d-4ebf188bd86b successfully updated in Supabase (len: 237)
QR RECEIVED for session 383f9639-1547-4dda-b17d-4ebf188bd86b len 237
✅ QR Code for session 383f9639-1547-4dda-b17d-4ebf188bd86b successfully updated in Supabase (len: 237)
QR RECEIVED for session 383f9639-1547-4dda-b17d-4ebf188bd86b len 237
✅ QR Code for session 383f9639-1547-4dda-b17d-4ebf188bd86b successfully updated in Supabase (len: 237)
QR RECEIVED for session 383f9639-1547-4dda-b17d-4ebf188bd86b len 237
✅ QR Code for session 383f9639-1547-4dda-b17d-4ebf188bd86b successfully updated in Supabase (len: 237)
QR RECEIVED for session 383f9639-1547-4dda-b17d-4ebf188bd86b len 237
✅ QR Code for session 383f9639-1547-4dda-b17d-4ebf188bd86b successfully updated in Supabase (len: 237)
Connection closed for 383f9639-1547-4dda-b17d-4ebf188bd86b. Logged out: false
Connection error for 383f9639-1547-4dda-b17d-4ebf188bd86b, reconnecting...
Starting session 383f9639-1547-4dda-b17d-4ebf188bd86b
QR RECEIVED for session 383f9639-1547-4dda-b17d-4ebf188bd86b len 237
✅ QR Code for session 383f9639-1547-4dda-b17d-4ebf188bd86b successfully updated in Supabase (len: 237)
QR RECEIVED for session 383f9639-1547-4dda-b17d-4ebf188bd86b len 237
✅ QR Code for session 383f9639-1547-4dda-b17d-4ebf188bd86b successfully updated in Supabase (len: 237)
QR RECEIVED for session 383f9639-1547-4dda-b17d-4ebf188bd86b len 237
✅ QR Code for session 383f9639-1547-4dda-b17d-4ebf188bd86b successfully updated in Supabase (len: 237)
QR RECEIVED for session 383f9639-1547-4dda-b17d-4ebf188bd86b len 237
✅ QR Code for session 383f9639-1547-4dda-b17d-4ebf188bd86b successfully updated in Supabase (len: 237)
QR RECEIVED for session 383f9639-1547-4dda-b17d-4ebf188bd86b len 237
✅ QR Code for session 383f9639-1547-4dda-b17d-4ebf188bd86b successfully updated in Supabase (len: 237)
QR RECEIVED for session 383f9639-1547-4dda-b17d-4ebf188bd86b len 237
✅ QR Code for session 383f9639-1547-4dda-b17d-4ebf188bd86b successfully updated in Supabase (len: 237)
Connection closed for 383f9639-1547-4dda-b17d-4ebf188bd86b. Logged out: false
Connection error for 383f9639-1547-4dda-b17d-4ebf188bd86b, reconnecting...
Starting session 383f9639-1547-4dda-b17d-4ebf188bd86b
QR RECEIVED for session 383f9639-1547-4dda-b17d-4ebf188bd86b len 237
✅ QR Code for session 383f9639-1547-4dda-b17d-4ebf188bd86b successfully updated in Supabase (len: 237)
QR RECEIVED for session 383f9639-1547-4dda-b17d-4ebf188bd86b len 237
✅ QR Code for session 383f9639-1547-4dda-b17d-4ebf188bd86b successfully updated in Supabase (len: 237)
QR RECEIVED for session 383f9639-1547-4dda-b17d-4ebf188bd86b len 237
✅ QR Code for session 383f9639-1547-4dda-b17d-4ebf188bd86b successfully updated in Supabase (len: 237)
QR RECEIVED for session 383f9639-1547-4dda-b17d-4ebf188bd86b len 237
✅ QR Code for session 383f9639-1547-4dda-b17d-4ebf188bd86b successfully updated in Supabase (len: 237)
QR RECEIVED for session 383f9639-1547-4dda-b17d-4ebf188bd86b len 237
✅ QR Code for session 383f9639-1547-4dda-b17d-4ebf188bd86b successfully updated in Supabase (len: 237)
QR RECEIVED for session 383f9639-1547-4dda-b17d-4ebf188bd86b len 237
✅ QR Code for session 383f9639-1547-4dda-b17d-4ebf188bd86b successfully updated in Supabase (len: 237)
Connection closed for 383f9639-1547-4dda-b17d-4ebf188bd86b. Logged out: false
Connection error for 383f9639-1547-4dda-b17d-4ebf188bd86b, reconnecting...
Starting session 383f9639-1547-4dda-b17d-4ebf188bd86b
QR RECEIVED for session 383f9639-1547-4dda-b17d-4ebf188bd86b len 237
✅ QR Code for session 383f9639-1547-4dda-b17d-4ebf188bd86b successfully updated in Supabase (len: 237)
QR RECEIVED for session 383f9639-1547-4dda-b17d-4ebf188bd86b len 237
✅ QR Code for session 383f9639-1547-4dda-b17d-4ebf188bd86b successfully updated in Supabase (len: 237)
QR RECEIVED for session 383f9639-1547-4dda-b17d-4ebf188bd86b len 237
✅ QR Code for session 383f9639-1547-4dda-b17d-4ebf188bd86b successfully updated in Supabase (len: 237)
QR RECEIVED for session 383f9639-1547-4dda-b17d-4ebf188bd86b len 237
✅ QR Code for session 383f9639-1547-4dda-b17d-4ebf188bd86b successfully updated in Supabase (len: 237)
QR RECEIVED for session 383f9639-1547-4dda-b17d-4ebf188bd86b len 237
✅ QR Code for session 383f9639-1547-4dda-b17d-4ebf188bd86b successfully updated in Supabase (len: 237)
QR RECEIVED for session 383f9639-1547-4dda-b17d-4ebf188bd86b len 237
✅ QR Code for session 383f9639-1547-4dda-b17d-4ebf188bd86b successfully updated in Supabase (len: 237)
Connection closed for 383f9639-1547-4dda-b17d-4ebf188bd86b. Logged out: false
Connection error for 383f9639-1547-4dda-b17d-4ebf188bd86b, reconnecting...
Starting session 383f9639-1547-4dda-b17d-4ebf188bd86b
QR RECEIVED for session 383f9639-1547-4dda-b17d-4ebf188bd86b len 237
✅ QR Code for session 383f9639-1547-4dda-b17d-4ebf188bd86b successfully updated in Supabase (len: 237)
QR RECEIVED for session 383f9639-1547-4dda-b17d-4ebf188bd86b len 237
✅ QR Code for session 383f9639-1547-4dda-b17d-4ebf188bd86b successfully updated in Supabase (len: 237)
QR RECEIVED for session 383f9639-1547-4dda-b17d-4ebf188bd86b len 237
✅ QR Code for session 383f9639-1547-4dda-b17d-4ebf188bd86b successfully updated in Supabase (len: 237)
QR RECEIVED for session 383f9639-1547-4dda-b17d-4ebf188bd86b len 237
✅ QR Code for session 383f9639-1547-4dda-b17d-4ebf188bd86b successfully updated in Supabase (len: 237)
QR RECEIVED for session 383f9639-1547-4dda-b17d-4ebf188bd86b len 237
✅ QR Code for session 383f9639-1547-4dda-b17d-4ebf188bd86b successfully updated in Supabase (len: 237)
QR RECEIVED for session 383f9639-1547-4dda-b17d-4ebf188bd86b len 237
✅ QR Code for session 383f9639-1547-4dda-b17d-4ebf188bd86b successfully updated in Supabase (len: 237)
Connection closed for 383f9639-1547-4dda-b17d-4ebf188bd86b. Logged out: false
Connection error for 383f9639-1547-4dda-b17d-4ebf188bd86b, reconnecting...
Starting session 383f9639-1547-4dda-b17d-4ebf188bd86b
QR RECEIVED for session 383f9639-1547-4dda-b17d-4ebf188bd86b len 237
✅ QR Code for session 383f9639-1547-4dda-b17d-4ebf188bd86b successfully updated in Supabase (len: 237)
QR RECEIVED for session 383f9639-1547-4dda-b17d-4ebf188bd86b len 237
✅ QR Code for session 383f9639-1547-4dda-b17d-4ebf188bd86b successfully updated in Supabase (len: 237)
QR RECEIVED for session 383f9639-1547-4dda-b17d-4ebf188bd86b len 237
✅ QR Code for session 383f9639-1547-4dda-b17d-4ebf188bd86b successfully updated in Supabase (len: 237)
QR RECEIVED for session 383f9639-1547-4dda-b17d-4ebf188bd86b len 237
✅ QR Code for session 383f9639-1547-4dda-b17d-4ebf188bd86b successfully updated in Supabase (len: 237)
QR RECEIVED for session 383f9639-1547-4dda-b17d-4ebf188bd86b len 237
✅ QR Code for session 383f9639-1547-4dda-b17d-4ebf188bd86b successfully updated in Supabase (len: 237)
QR RECEIVED for session 383f9639-1547-4dda-b17d-4ebf188bd86b len 237
✅ QR Code for session 383f9639-1547-4dda-b17d-4ebf188bd86b successfully updated in Supabase (len: 237)
Connection closed for 383f9639-1547-4dda-b17d-4ebf188bd86b. Logged out: false
Connection error for 383f9639-1547-4dda-b17d-4ebf188bd86b, reconnecting...
Starting session 383f9639-1547-4dda-b17d-4ebf188bd86b
QR RECEIVED for session 383f9639-1547-4dda-b17d-4ebf188bd86b len 237
✅ QR Code for session 383f9639-1547-4dda-b17d-4ebf188bd86b successfully updated in Supabase (len: 237)
QR RECEIVED for session 383f9639-1547-4dda-b17d-4ebf188bd86b len 237
✅ QR Code for session 383f9639-1547-4dda-b17d-4ebf188bd86b successfully updated in Supabase (len: 237)
QR RECEIVED for session 383f9639-1547-4dda-b17d-4ebf188bd86b len 237
✅ QR Code for session 383f9639-1547-4dda-b17d-4ebf188bd86b successfully updated in Supabase (len: 237)
QR RECEIVED for session 383f9639-1547-4dda-b17d-4ebf188bd86b len 237
✅ QR Code for session 383f9639-1547-4dda-b17d-4ebf188bd86b successfully updated in Supabase (len: 237)
QR RECEIVED for session 383f9639-1547-4dda-b17d-4ebf188bd86b len 237
✅ QR Code for session 383f9639-1547-4dda-b17d-4ebf188bd86b successfully updated in Supabase (len: 237)
QR RECEIVED for session 383f9639-1547-4dda-b17d-4ebf188bd86b len 237
✅ QR Code for session 383f9639-1547-4dda-b17d-4ebf188bd86b successfully updated in Supabase (len: 237)
Connection closed for 383f9639-1547-4dda-b17d-4ebf188bd86b. Logged out: false
Connection error for 383f9639-1547-4dda-b17d-4ebf188bd86b, reconnecting...
Starting session 383f9639-1547-4dda-b17d-4ebf188bd86b
QR RECEIVED for session 383f9639-1547-4dda-b17d-4ebf188bd86b len 237
✅ QR Code for session 383f9639-1547-4dda-b17d-4ebf188bd86b successfully updated in Supabase (len: 237)
QR RECEIVED for session 383f9639-1547-4dda-b17d-4ebf188bd86b len 237
✅ QR Code for session 383f9639-1547-4dda-b17d-4ebf188bd86b successfully updated in Supabase (len: 237)
QR RECEIVED for session 383f9639-1547-4dda-b17d-4ebf188bd86b len 237
✅ QR Code for session 383f9639-1547-4dda-b17d-4ebf188bd86b successfully updated in Supabase (len: 237)
QR RECEIVED for session 383f9639-1547-4dda-b17d-4ebf188bd86b len 237
✅ QR Code for session 383f9639-1547-4dda-b17d-4ebf188bd86b successfully updated in Supabase (len: 237)
QR RECEIVED for session 383f9639-1547-4dda-b17d-4ebf188bd86b len 237
✅ QR Code for session 383f9639-1547-4dda-b17d-4ebf188bd86b successfully updated in Supabase (len: 237)
QR RECEIVED for session 383f9639-1547-4dda-b17d-4ebf188bd86b len 237
✅ QR Code for session 383f9639-1547-4dda-b17d-4ebf188bd86b successfully updated in Supabase (len: 237)
Connection closed for 383f9639-1547-4dda-b17d-4ebf188bd86b. Logged out: false
Connection error for 383f9639-1547-4dda-b17d-4ebf188bd86b, reconnecting...
Starting session 383f9639-1547-4dda-b17d-4ebf188bd86b
QR RECEIVED for session 383f9639-1547-4dda-b17d-4ebf188bd86b len 237
✅ QR Code for session 383f9639-1547-4dda-b17d-4ebf188bd86b successfully updated in Supabase (len: 237)
QR RECEIVED for session 383f9639-1547-4dda-b17d-4ebf188bd86b len 237
✅ QR Code for session 383f9639-1547-4dda-b17d-4ebf188bd86b successfully updated in Supabase (len: 237)
QR RECEIVED for session 383f9639-1547-4dda-b17d-4ebf188bd86b len 237
✅ QR Code for session 383f9639-1547-4dda-b17d-4ebf188bd86b successfully updated in Supabase (len: 237)
QR RECEIVED for session 383f9639-1547-4dda-b17d-4ebf188bd86b len 237
✅ QR Code for session 383f9639-1547-4dda-b17d-4ebf188bd86b successfully updated in Supabase (len: 237)
QR RECEIVED for session 383f9639-1547-4dda-b17d-4ebf188bd86b len 237
✅ QR Code for session 383f9639-1547-4dda-b17d-4ebf188bd86b successfully updated in Supabase (len: 237)
QR RECEIVED for session 383f9639-1547-4dda-b17d-4ebf188bd86b len 237
✅ QR Code for session 383f9639-1547-4dda-b17d-4ebf188bd86b successfully updated in Supabase (len: 237)
Connection closed for 383f9639-1547-4dda-b17d-4ebf188bd86b. Logged out: false
Connection error for 383f9639-1547-4dda-b17d-4ebf188bd86b, reconnecting...
Starting session 383f9639-1547-4dda-b17d-4ebf188bd86b
QR RECEIVED for session 383f9639-1547-4dda-b17d-4ebf188bd86b len 237
✅ QR Code for session 383f9639-1547-4dda-b17d-4ebf188bd86b successfully updated in Supabase (len: 237)
QR RECEIVED for session 383f9639-1547-4dda-b17d-4ebf188bd86b len 237
✅ QR Code for session 383f9639-1547-4dda-b17d-4ebf188bd86b successfully updated in Supabase (len: 237)
QR RECEIVED for session 383f9639-1547-4dda-b17d-4ebf188bd86b len 237
✅ QR Code for session 383f9639-1547-4dda-b17d-4ebf188bd86b successfully updated in Supabase (len: 237)
QR RECEIVED for session 383f9639-1547-4dda-b17d-4ebf188bd86b len 237
✅ QR Code for session 383f9639-1547-4dda-b17d-4ebf188bd86b successfully updated in Supabase (len: 237)
QR RECEIVED for session 383f9639-1547-4dda-b17d-4ebf188bd86b len 237
✅ QR Code for session 383f9639-1547-4dda-b17d-4ebf188bd86b successfully updated in Supabase (len: 237)
QR RECEIVED for session 383f9639-1547-4dda-b17d-4ebf188bd86b len 237
✅ QR Code for session 383f9639-1547-4dda-b17d-4ebf188bd86b successfully updated in Supabase (len: 237)
Connection closed for 383f9639-1547-4dda-b17d-4ebf188bd86b. Logged out: false
Connection error for 383f9639-1547-4dda-b17d-4ebf188bd86b, reconnecting...
Starting session 383f9639-1547-4dda-b17d-4ebf188bd86b
QR RECEIVED for session 383f9639-1547-4dda-b17d-4ebf188bd86b len 237
✅ QR Code for session 383f9639-1547-4dda-b17d-4ebf188bd86b successfully updated in Supabase (len: 237)
QR RECEIVED for session 383f9639-1547-4dda-b17d-4ebf188bd86b len 237
✅ QR Code for session 383f9639-1547-4dda-b17d-4ebf188bd86b successfully updated in Supabase (len: 237)
QR RECEIVED for session 383f9639-1547-4dda-b17d-4ebf188bd86b len 237
✅ QR Code for session 383f9639-1547-4dda-b17d-4ebf188bd86b successfully updated in Supabase (len: 237)
QR RECEIVED for session 383f9639-1547-4dda-b17d-4ebf188bd86b len 237
✅ QR Code for session 383f9639-1547-4dda-b17d-4ebf188bd86b successfully updated in Supabase (len: 237)
QR RECEIVED for session 383f9639-1547-4dda-b17d-4ebf188bd86b len 237
✅ QR Code for session 383f9639-1547-4dda-b17d-4ebf188bd86b successfully updated in Supabase (len: 237)
QR RECEIVED for session 383f9639-1547-4dda-b17d-4ebf188bd86b len 237
✅ QR Code for session 383f9639-1547-4dda-b17d-4ebf188bd86b successfully updated in Supabase (len: 237)
Connection closed for 383f9639-1547-4dda-b17d-4ebf188bd86b. Logged out: false
Connection error for 383f9639-1547-4dda-b17d-4ebf188bd86b, reconnecting...
Starting session 383f9639-1547-4dda-b17d-4ebf188bd86b
QR RECEIVED for session 383f9639-1547-4dda-b17d-4ebf188bd86b len 237
✅ QR Code for session 383f9639-1547-4dda-b17d-4ebf188bd86b successfully updated in Supabase (len: 237)
QR RECEIVED for session 383f9639-1547-4dda-b17d-4ebf188bd86b len 237
✅ QR Code for session 383f9639-1547-4dda-b17d-4ebf188bd86b successfully updated in Supabase (len: 237)
QR RECEIVED for session 383f9639-1547-4dda-b17d-4ebf188bd86b len 237
✅ QR Code for session 383f9639-1547-4dda-b17d-4ebf188bd86b successfully updated in Supabase (len: 237)
QR RECEIVED for session 383f9639-1547-4dda-b17d-4ebf188bd86b len 237
✅ QR Code for session 383f9639-1547-4dda-b17d-4ebf188bd86b successfully updated in Supabase (len: 237)
QR RECEIVED for session 383f9639-1547-4dda-b17d-4ebf188bd86b len 237
✅ QR Code for session 383f9639-1547-4dda-b17d-4ebf188bd86b successfully updated in Supabase (len: 237)
QR RECEIVED for session 383f9639-1547-4dda-b17d-4ebf188bd86b len 237
✅ QR Code for session 383f9639-1547-4dda-b17d-4ebf188bd86b successfully updated in Supabase (len: 237)
Connection closed for 383f9639-1547-4dda-b17d-4ebf188bd86b. Logged out: false
Connection error for 383f9639-1547-4dda-b17d-4ebf188bd86b, reconnecting...
Starting session 383f9639-1547-4dda-b17d-4ebf188bd86b
QR RECEIVED for session 383f9639-1547-4dda-b17d-4ebf188bd86b len 237
✅ QR Code for session 383f9639-1547-4dda-b17d-4ebf188bd86b successfully updated in Supabase (len: 237)
QR RECEIVED for session 383f9639-1547-4dda-b17d-4ebf188bd86b len 237
✅ QR Code for session 383f9639-1547-4dda-b17d-4ebf188bd86b successfully updated in Supabase (len: 237)
QR RECEIVED for session 383f9639-1547-4dda-b17d-4ebf188bd86b len 237
✅ QR Code for session 383f9639-1547-4dda-b17d-4ebf188bd86b successfully updated in Supabase (len: 237)
QR RECEIVED for session 383f9639-1547-4dda-b17d-4ebf188bd86b len 237
✅ QR Code for session 383f9639-1547-4dda-b17d-4ebf188bd86b successfully updated in Supabase (len: 237)
QR RECEIVED for session 383f9639-1547-4dda-b17d-4ebf188bd86b len 237
✅ QR Code for session 383f9639-1547-4dda-b17d-4ebf188bd86b successfully updated in Supabase (len: 237)
QR RECEIVED for session 383f9639-1547-4dda-b17d-4ebf188bd86b len 237
✅ QR Code for session 383f9639-1547-4dda-b17d-4ebf188bd86b successfully updated in Supabase (len: 237)
Connection closed for 383f9639-1547-4dda-b17d-4ebf188bd86b. Logged out: false
Connection error for 383f9639-1547-4dda-b17d-4ebf188bd86b, reconnecting...
Starting session 383f9639-1547-4dda-b17d-4ebf188bd86b
QR RECEIVED for session 383f9639-1547-4dda-b17d-4ebf188bd86b len 237
✅ QR Code for session 383f9639-1547-4dda-b17d-4ebf188bd86b successfully updated in Supabase (len: 237)
QR RECEIVED for session 383f9639-1547-4dda-b17d-4ebf188bd86b len 237
✅ QR Code for session 383f9639-1547-4dda-b17d-4ebf188bd86b successfully updated in Supabase (len: 237)
QR RECEIVED for session 383f9639-1547-4dda-b17d-4ebf188bd86b len 237
✅ QR Code for session 383f9639-1547-4dda-b17d-4ebf188bd86b successfully updated in Supabase (len: 237)
QR RECEIVED for session 383f9639-1547-4dda-b17d-4ebf188bd86b len 237
✅ QR Code for session 383f9639-1547-4dda-b17d-4ebf188bd86b successfully updated in Supabase (len: 237)
QR RECEIVED for session 383f9639-1547-4dda-b17d-4ebf188bd86b len 237
✅ QR Code for session 383f9639-1547-4dda-b17d-4ebf188bd86b successfully updated in Supabase (len: 237)
QR RECEIVED for session 383f9639-1547-4dda-b17d-4ebf188bd86b len 237
✅ QR Code for session 383f9639-1547-4dda-b17d-4ebf188bd86b successfully updated in Supabase (len: 237)
Connection closed for 383f9639-1547-4dda-b17d-4ebf188bd86b. Logged out: false
Connection error for 383f9639-1547-4dda-b17d-4ebf188bd86b, reconnecting...
Starting session 383f9639-1547-4dda-b17d-4ebf188bd86b
QR RECEIVED for session 383f9639-1547-4dda-b17d-4ebf188bd86b len 237
✅ QR Code for session 383f9639-1547-4dda-b17d-4ebf188bd86b successfully updated in Supabase (len: 237)
QR RECEIVED for session 383f9639-1547-4dda-b17d-4ebf188bd86b len 237
✅ QR Code for session 383f9639-1547-4dda-b17d-4ebf188bd86b successfully updated in Supabase (len: 237)
QR RECEIVED for session 383f9639-1547-4dda-b17d-4ebf188bd86b len 237
✅ QR Code for session 383f9639-1547-4dda-b17d-4ebf188bd86b successfully updated in Supabase (len: 237)
QR RECEIVED for session 383f9639-1547-4dda-b17d-4ebf188bd86b len 237
✅ QR Code for session 383f9639-1547-4dda-b17d-4ebf188bd86b successfully updated in Supabase (len: 237)
QR RECEIVED for session 383f9639-1547-4dda-b17d-4ebf188bd86b len 237
✅ QR Code for session 383f9639-1547-4dda-b17d-4ebf188bd86b successfully updated in Supabase (len: 237)
QR RECEIVED for session 383f9639-1547-4dda-b17d-4ebf188bd86b len 237
✅ QR Code for session 383f9639-1547-4dda-b17d-4ebf188bd86b successfully updated in Supabase (len: 237)
Connection closed for 383f9639-1547-4dda-b17d-4ebf188bd86b. Logged out: false
Connection error for 383f9639-1547-4dda-b17d-4ebf188bd86b, reconnecting...
Starting session 383f9639-1547-4dda-b17d-4ebf188bd86b
QR RECEIVED for session 383f9639-1547-4dda-b17d-4ebf188bd86b len 237
✅ QR Code for session 383f9639-1547-4dda-b17d-4ebf188bd86b successfully updated in Supabase (len: 237)
QR RECEIVED for session 383f9639-1547-4dda-b17d-4ebf188bd86b len 237
✅ QR Code for session 383f9639-1547-4dda-b17d-4ebf188bd86b successfully updated in Supabase (len: 237)
QR RECEIVED for session 383f9639-1547-4dda-b17d-4ebf188bd86b len 237
✅ QR Code for session 383f9639-1547-4dda-b17d-4ebf188bd86b successfully updated in Supabase (len: 237)
QR RECEIVED for session 383f9639-1547-4dda-b17d-4ebf188bd86b len 237
✅ QR Code for session 383f9639-1547-4dda-b17d-4ebf188bd86b successfully updated in Supabase (len: 237)
QR RECEIVED for session 383f9639-1547-4dda-b17d-4ebf188bd86b len 237
✅ QR Code for session 383f9639-1547-4dda-b17d-4ebf188bd86b successfully updated in Supabase (len: 237)
QR RECEIVED for session 383f9639-1547-4dda-b17d-4ebf188bd86b len 237
✅ QR Code for session 383f9639-1547-4dda-b17d-4ebf188bd86b successfully updated in Supabase (len: 237)
Connection closed for 383f9639-1547-4dda-b17d-4ebf188bd86b. Logged out: false
Connection error for 383f9639-1547-4dda-b17d-4ebf188bd86b, reconnecting...
Starting session 383f9639-1547-4dda-b17d-4ebf188bd86b
QR RECEIVED for session 383f9639-1547-4dda-b17d-4ebf188bd86b len 237
✅ QR Code for session 383f9639-1547-4dda-b17d-4ebf188bd86b successfully updated in Supabase (len: 237)
QR RECEIVED for session 383f9639-1547-4dda-b17d-4ebf188bd86b len 237
✅ QR Code for session 383f9639-1547-4dda-b17d-4ebf188bd86b successfully updated in Supabase (len: 237)
QR RECEIVED for session 383f9639-1547-4dda-b17d-4ebf188bd86b len 237
✅ QR Code for session 383f9639-1547-4dda-b17d-4ebf188bd86b successfully updated in Supabase (len: 237)
QR RECEIVED for session 383f9639-1547-4dda-b17d-4ebf188bd86b len 237
✅ QR Code for session 383f9639-1547-4dda-b17d-4ebf188bd86b successfully updated in Supabase (len: 237)
QR RECEIVED for session 383f9639-1547-4dda-b17d-4ebf188bd86b len 237
✅ QR Code for session 383f9639-1547-4dda-b17d-4ebf188bd86b successfully updated in Supabase (len: 237)
QR RECEIVED for session 383f9639-1547-4dda-b17d-4ebf188bd86b len 237
✅ QR Code for session 383f9639-1547-4dda-b17d-4ebf188bd86b successfully updated in Supabase (len: 237)
Connection closed for 383f9639-1547-4dda-b17d-4ebf188bd86b. Logged out: false
Connection error for 383f9639-1547-4dda-b17d-4ebf188bd86b, reconnecting...
Starting session 383f9639-1547-4dda-b17d-4ebf188bd86b
QR RECEIVED for session 383f9639-1547-4dda-b17d-4ebf188bd86b len 237
✅ QR Code for session 383f9639-1547-4dda-b17d-4ebf188bd86b successfully updated in Supabase (len: 237)
QR RECEIVED for session 383f9639-1547-4dda-b17d-4ebf188bd86b len 237
✅ QR Code for session 383f9639-1547-4dda-b17d-4ebf188bd86b successfully updated in Supabase (len: 237)
QR RECEIVED for session 383f9639-1547-4dda-b17d-4ebf188bd86b len 237
✅ QR Code for session 383f9639-1547-4dda-b17d-4ebf188bd86b successfully updated in Supabase (len: 237)
QR RECEIVED for session 383f9639-1547-4dda-b17d-4ebf188bd86b len 237
✅ QR Code for session 383f9639-1547-4dda-b17d-4ebf188bd86b successfully updated in Supabase (len: 237)
QR RECEIVED for session 383f9639-1547-4dda-b17d-4ebf188bd86b len 237
✅ QR Code for session 383f9639-1547-4dda-b17d-4ebf188bd86b successfully updated in Supabase (len: 237)
QR RECEIVED for session 383f9639-1547-4dda-b17d-4ebf188bd86b len 237
✅ QR Code for session 383f9639-1547-4dda-b17d-4ebf188bd86b successfully updated in Supabase (len: 237)
Connection closed for 383f9639-1547-4dda-b17d-4ebf188bd86b. Logged out: false
Connection error for 383f9639-1547-4dda-b17d-4ebf188bd86b, reconnecting...
Starting session 383f9639-1547-4dda-b17d-4ebf188bd86b
QR RECEIVED for session 383f9639-1547-4dda-b17d-4ebf188bd86b len 237
✅ QR Code for session 383f9639-1547-4dda-b17d-4ebf188bd86b successfully updated in Supabase (len: 237)
QR RECEIVED for session 383f9639-1547-4dda-b17d-4ebf188bd86b len 237
✅ QR Code for session 383f9639-1547-4dda-b17d-4ebf188bd86b successfully updated in Supabase (len: 237)
QR RECEIVED for session 383f9639-1547-4dda-b17d-4ebf188bd86b len 237
✅ QR Code for session 383f9639-1547-4dda-b17d-4ebf188bd86b successfully updated in Supabase (len: 237)
QR RECEIVED for session 383f9639-1547-4dda-b17d-4ebf188bd86b len 237
✅ QR Code for session 383f9639-1547-4dda-b17d-4ebf188bd86b successfully updated in Supabase (len: 237)
QR RECEIVED for session 383f9639-1547-4dda-b17d-4ebf188bd86b len 237
✅ QR Code for session 383f9639-1547-4dda-b17d-4ebf188bd86b successfully updated in Supabase (len: 237)
QR RECEIVED for session 383f9639-1547-4dda-b17d-4ebf188bd86b len 237
✅ QR Code for session 383f9639-1547-4dda-b17d-4ebf188bd86b successfully updated in Supabase (len: 237)
Connection closed for 383f9639-1547-4dda-b17d-4ebf188bd86b. Logged out: false
Connection error for 383f9639-1547-4dda-b17d-4ebf188bd86b, reconnecting...
Starting session 383f9639-1547-4dda-b17d-4ebf188bd86b
QR RECEIVED for session 383f9639-1547-4dda-b17d-4ebf188bd86b len 237
✅ QR Code for session 383f9639-1547-4dda-b17d-4ebf188bd86b successfully updated in Supabase (len: 237)
QR RECEIVED for session 383f9639-1547-4dda-b17d-4ebf188bd86b len 237
✅ QR Code for session 383f9639-1547-4dda-b17d-4ebf188bd86b successfully updated in Supabase (len: 237)
QR RECEIVED for session 383f9639-1547-4dda-b17d-4ebf188bd86b len 237
✅ QR Code for session 383f9639-1547-4dda-b17d-4ebf188bd86b successfully updated in Supabase (len: 237)
QR RECEIVED for session 383f9639-1547-4dda-b17d-4ebf188bd86b len 237
✅ QR Code for session 383f9639-1547-4dda-b17d-4ebf188bd86b successfully updated in Supabase (len: 237)
QR RECEIVED for session 383f9639-1547-4dda-b17d-4ebf188bd86b len 237
✅ QR Code for session 383f9639-1547-4dda-b17d-4ebf188bd86b successfully updated in Supabase (len: 237)
QR RECEIVED for session 383f9639-1547-4dda-b17d-4ebf188bd86b len 237
✅ QR Code for session 383f9639-1547-4dda-b17d-4ebf188bd86b successfully updated in Supabase (len: 237)
Connection closed for 383f9639-1547-4dda-b17d-4ebf188bd86b. Logged out: false
Connection error for 383f9639-1547-4dda-b17d-4ebf188bd86b, reconnecting...
Starting session 383f9639-1547-4dda-b17d-4ebf188bd86b
QR RECEIVED for session 383f9639-1547-4dda-b17d-4ebf188bd86b len 237
✅ QR Code for session 383f9639-1547-4dda-b17d-4ebf188bd86b successfully updated in Supabase (len: 237)
QR RECEIVED for session 383f9639-1547-4dda-b17d-4ebf188bd86b len 237
✅ QR Code for session 383f9639-1547-4dda-b17d-4ebf188bd86b successfully updated in Supabase (len: 237)
QR RECEIVED for session 383f9639-1547-4dda-b17d-4ebf188bd86b len 237
✅ QR Code for session 383f9639-1547-4dda-b17d-4ebf188bd86b successfully updated in Supabase (len: 237)
QR RECEIVED for session 383f9639-1547-4dda-b17d-4ebf188bd86b len 237
✅ QR Code for session 383f9639-1547-4dda-b17d-4ebf188bd86b successfully updated in Supabase (len: 237)
QR RECEIVED for session 383f9639-1547-4dda-b17d-4ebf188bd86b len 237
✅ QR Code for session 383f9639-1547-4dda-b17d-4ebf188bd86b successfully updated in Supabase (len: 237)
QR RECEIVED for session 383f9639-1547-4dda-b17d-4ebf188bd86b len 237
✅ QR Code for session 383f9639-1547-4dda-b17d-4ebf188bd86b successfully updated in Supabase (len: 237)
Connection closed for 383f9639-1547-4dda-b17d-4ebf188bd86b. Logged out: false
Connection error for 383f9639-1547-4dda-b17d-4ebf188bd86b, reconnecting...
Starting session 383f9639-1547-4dda-b17d-4ebf188bd86b
QR RECEIVED for session 383f9639-1547-4dda-b17d-4ebf188bd86b len 237
✅ QR Code for session 383f9639-1547-4dda-b17d-4ebf188bd86b successfully updated in Supabase (len: 237)
QR RECEIVED for session 383f9639-1547-4dda-b17d-4ebf188bd86b len 237
✅ QR Code for session 383f9639-1547-4dda-b17d-4ebf188bd86b successfully updated in Supabase (len: 237)
QR RECEIVED for session 383f9639-1547-4dda-b17d-4ebf188bd86b len 237
✅ QR Code for session 383f9639-1547-4dda-b17d-4ebf188bd86b successfully updated in Supabase (len: 237)
QR RECEIVED for session 383f9639-1547-4dda-b17d-4ebf188bd86b len 237
✅ QR Code for session 383f9639-1547-4dda-b17d-4ebf188bd86b successfully updated in Supabase (len: 237)
QR RECEIVED for session 383f9639-1547-4dda-b17d-4ebf188bd86b len 237
✅ QR Code for session 383f9639-1547-4dda-b17d-4ebf188bd86b successfully updated in Supabase (len: 237)
QR RECEIVED for session 383f9639-1547-4dda-b17d-4ebf188bd86b len 237
✅ QR Code for session 383f9639-1547-4dda-b17d-4ebf188bd86b successfully updated in Supabase (len: 237)
Connection closed for 383f9639-1547-4dda-b17d-4ebf188bd86b. Logged out: false
Connection error for 383f9639-1547-4dda-b17d-4ebf188bd86b, reconnecting...
Starting session 383f9639-1547-4dda-b17d-4ebf188bd86b
QR RECEIVED for session 383f9639-1547-4dda-b17d-4ebf188bd86b len 237
✅ QR Code for session 383f9639-1547-4dda-b17d-4ebf188bd86b successfully updated in Supabase (len: 237)
