
> wacrm-worker@1.0.0 start
> tsx src/worker.ts

Starting Worker with Supabase...
[Worker] Setting up polling for pending messages (every 3 seconds)...
[Worker] Setting up polling for new sessions (every 5 seconds)...
[Worker] Querying existing sessions from whatsapp_sessions table...
[Worker] ✅ Found 1 existing sessions: [ { id: '383f9639-1547-4dda-b17d-4ebf188bd86b' } ]
[Worker] Starting session from DB: 383f9639-1547-4dda-b17d-4ebf188bd86b
Starting session 383f9639-1547-4dda-b17d-4ebf188bd86b
Connection closed for 383f9639-1547-4dda-b17d-4ebf188bd86b. Logged out: false
Connection error for 383f9639-1547-4dda-b17d-4ebf188bd86b, reconnecting...
Starting session 383f9639-1547-4dda-b17d-4ebf188bd86b
Session 383f9639-1547-4dda-b17d-4ebf188bd86b connected.
Fetching chats for session 383f9639-1547-4dda-b17d-4ebf188bd86b...
Found 3 group chats
Connection closed for 383f9639-1547-4dda-b17d-4ebf188bd86b. Logged out: false
Connection error for 383f9639-1547-4dda-b17d-4ebf188bd86b, reconnecting...
Starting session 383f9639-1547-4dda-b17d-4ebf188bd86b
Finished loading chats for session 383f9639-1547-4dda-b17d-4ebf188bd86b
Session 383f9639-1547-4dda-b17d-4ebf188bd86b connected.
Fetching chats for session 383f9639-1547-4dda-b17d-4ebf188bd86b...
Connection closed for 383f9639-1547-4dda-b17d-4ebf188bd86b. Logged out: false
Connection error for 383f9639-1547-4dda-b17d-4ebf188bd86b, reconnecting...
Starting session 383f9639-1547-4dda-b17d-4ebf188bd86b
Session 383f9639-1547-4dda-b17d-4ebf188bd86b connected.
Fetching chats for session 383f9639-1547-4dda-b17d-4ebf188bd86b...
Connection closed for 383f9639-1547-4dda-b17d-4ebf188bd86b. Logged out: false
Connection error for 383f9639-1547-4dda-b17d-4ebf188bd86b, reconnecting...
Starting session 383f9639-1547-4dda-b17d-4ebf188bd86b
Session 383f9639-1547-4dda-b17d-4ebf188bd86b connected.
Fetching chats for session 383f9639-1547-4dda-b17d-4ebf188bd86b...
Connection closed for 383f9639-1547-4dda-b17d-4ebf188bd86b. Logged out: false
Connection error for 383f9639-1547-4dda-b17d-4ebf188bd86b, reconnecting...
Starting session 383f9639-1547-4dda-b17d-4ebf188bd86b
Session 383f9639-1547-4dda-b17d-4ebf188bd86b connected.
Fetching chats for session 383f9639-1547-4dda-b17d-4ebf188bd86b...
Connection closed for 383f9639-1547-4dda-b17d-4ebf188bd86b. Logged out: false
Connection error for 383f9639-1547-4dda-b17d-4ebf188bd86b, reconnecting...
Starting session 383f9639-1547-4dda-b17d-4ebf188bd86b
Connection closed for 383f9639-1547-4dda-b17d-4ebf188bd86b. Logged out: false
Connection error for 383f9639-1547-4dda-b17d-4ebf188bd86b, reconnecting...
Starting session 383f9639-1547-4dda-b17d-4ebf188bd86b
Session 383f9639-1547-4dda-b17d-4ebf188bd86b connected.
Fetching chats for session 383f9639-1547-4dda-b17d-4ebf188bd86b...
Connection closed for 383f9639-1547-4dda-b17d-4ebf188bd86b. Logged out: false
Connection error for 383f9639-1547-4dda-b17d-4ebf188bd86b, reconnecting...
Starting session 383f9639-1547-4dda-b17d-4ebf188bd86b
Session 383f9639-1547-4dda-b17d-4ebf188bd86b connected.
Fetching chats for session 383f9639-1547-4dda-b17d-4ebf188bd86b...
Connection closed for 383f9639-1547-4dda-b17d-4ebf188bd86b. Logged out: false
Connection error for 383f9639-1547-4dda-b17d-4ebf188bd86b, reconnecting...
Starting session 383f9639-1547-4dda-b17d-4ebf188bd86b
Session 383f9639-1547-4dda-b17d-4ebf188bd86b connected.
Fetching chats for session 383f9639-1547-4dda-b17d-4ebf188bd86b...
Connection closed for 383f9639-1547-4dda-b17d-4ebf188bd86b. Logged out: false
Connection error for 383f9639-1547-4dda-b17d-4ebf188bd86b, reconnecting...
Starting session 383f9639-1547-4dda-b17d-4ebf188bd86b
Session 383f9639-1547-4dda-b17d-4ebf188bd86b connected.
Fetching chats for session 383f9639-1547-4dda-b17d-4ebf188bd86b...
Connection closed for 383f9639-1547-4dda-b17d-4ebf188bd86b. Logged out: false
Connection error for 383f9639-1547-4dda-b17d-4ebf188bd86b, reconnecting...
Starting session 383f9639-1547-4dda-b17d-4ebf188bd86b
Session 383f9639-1547-4dda-b17d-4ebf188bd86b connected.
Fetching chats for session 383f9639-1547-4dda-b17d-4ebf188bd86b...
Connection closed for 383f9639-1547-4dda-b17d-4ebf188bd86b. Logged out: false
Connection error for 383f9639-1547-4dda-b17d-4ebf188bd86b, reconnecting...
Starting session 383f9639-1547-4dda-b17d-4ebf188bd86b
Session 383f9639-1547-4dda-b17d-4ebf188bd86b connected.
Fetching chats for session 383f9639-1547-4dda-b17d-4ebf188bd86b...
Connection closed for 383f9639-1547-4dda-b17d-4ebf188bd86b. Logged out: false
Connection error for 383f9639-1547-4dda-b17d-4ebf188bd86b, reconnecting...
Starting session 383f9639-1547-4dda-b17d-4ebf188bd86b
Session 383f9639-1547-4dda-b17d-4ebf188bd86b connected.
Fetching chats for session 383f9639-1547-4dda-b17d-4ebf188bd86b...
Connection closed for 383f9639-1547-4dda-b17d-4ebf188bd86b. Logged out: false
Connection error for 383f9639-1547-4dda-b17d-4ebf188bd86b, reconnecting...
Starting session 383f9639-1547-4dda-b17d-4ebf188bd86b
Session 383f9639-1547-4dda-b17d-4ebf188bd86b connected.
Fetching chats for session 383f9639-1547-4dda-b17d-4ebf188bd86b...
Connection closed for 383f9639-1547-4dda-b17d-4ebf188bd86b. Logged out: false
Connection error for 383f9639-1547-4dda-b17d-4ebf188bd86b, reconnecting...
Starting session 383f9639-1547-4dda-b17d-4ebf188bd86b
Session 383f9639-1547-4dda-b17d-4ebf188bd86b connected.
Fetching chats for session 383f9639-1547-4dda-b17d-4ebf188bd86b...
Found 3 group chats
Finished loading chats for session 383f9639-1547-4dda-b17d-4ebf188bd86b
